[2014-04-17 18:52:22] production.ERROR: exception 'ReflectionException' with message 'Class UserController does not exist' in /home/alx/web/laravel/www/vendor/laravel/framework/src/Illuminate/Container/Container.php:485
Stack trace:
#0 /home/alx/web/laravel/www/vendor/laravel/framework/src/Illuminate/Container/Container.php(485): ReflectionClass->__construct('UserController')
#1 /home/alx/web/laravel/www/vendor/laravel/framework/src/Illuminate/Container/Container.php(425): Illuminate\Container\Container->build('UserController', Array)
#2 /home/alx/web/laravel/www/vendor/laravel/framework/src/Illuminate/Foundation/Application.php(463): Illuminate\Container\Container->make('UserController', Array)
#3 /home/alx/web/laravel/www/vendor/laravel/framework/src/Illuminate/Routing/ControllerDispatcher.php(78): Illuminate\Foundation\Application->make('UserController')
#4 /home/alx/web/laravel/www/vendor/laravel/framework/src/Illuminate/Routing/ControllerDispatcher.php(51): Illuminate\Routing\ControllerDispatcher->makeController('UserController')
#5 /home/alx/web/laravel/www/vendor/laravel/framework/src/Illuminate/Routing/Router.php(934): Illuminate\Routing\ControllerDispatcher->dispatch(Object(Illuminate\Routing\Route), Object(Illuminate\Http\Request), 'UserController', 'showProfile')
#6 [internal function]: Illuminate\Routing\Router->Illuminate\Routing\{closure}()
#7 /home/alx/web/laravel/www/vendor/laravel/framework/src/Illuminate/Routing/Route.php(105): call_user_func_array(Object(Closure), Array)
#8 /home/alx/web/laravel/www/vendor/laravel/framework/src/Illuminate/Routing/Router.php(1000): Illuminate\Routing\Route->run(Object(Illuminate\Http\Request))
#9 /home/alx/web/laravel/www/vendor/laravel/framework/src/Illuminate/Routing/Router.php(968): Illuminate\Routing\Router->dispatchToRoute(Object(Illuminate\Http\Request))
#10 /home/alx/web/laravel/www/vendor/laravel/framework/src/Illuminate/Foundation/Application.php(738): Illuminate\Routing\Router->dispatch(Object(Illuminate\Http\Request))
#11 /home/alx/web/laravel/www/vendor/laravel/framework/src/Illuminate/Foundation/Application.php(708): Illuminate\Foundation\Application->dispatch(Object(Illuminate\Http\Request))
#12 /home/alx/web/laravel/www/vendor/laravel/framework/src/Illuminate/Http/FrameGuard.php(38): Illuminate\Foundation\Application->handle(Object(Illuminate\Http\Request), 1, true)
#13 /home/alx/web/laravel/www/vendor/laravel/framework/src/Illuminate/Session/Middleware.php(72): Illuminate\Http\FrameGuard->handle(Object(Illuminate\Http\Request), 1, true)
#14 /home/alx/web/laravel/www/vendor/laravel/framework/src/Illuminate/Cookie/Queue.php(47): Illuminate\Session\Middleware->handle(Object(Illuminate\Http\Request), 1, true)
#15 /home/alx/web/laravel/www/vendor/laravel/framework/src/Illuminate/Cookie/Guard.php(51): Illuminate\Cookie\Queue->handle(Object(Illuminate\Http\Request), 1, true)
#16 /home/alx/web/laravel/www/vendor/stack/builder/src/Stack/StackedHttpKernel.php(23): Illuminate\Cookie\Guard->handle(Object(Illuminate\Http\Request), 1, true)
#17 /home/alx/web/laravel/www/vendor/laravel/framework/src/Illuminate/Foundation/Application.php(606): Stack\StackedHttpKernel->handle(Object(Illuminate\Http\Request))
#18 /home/alx/web/laravel/www/public/index.php(49): Illuminate\Foundation\Application->run()
#19 {main} [] []
[2014-04-17 18:53:01] production.ERROR: exception 'ReflectionException' with message 'Class UserController does not exist' in /home/alx/web/laravel/www/vendor/laravel/framework/src/Illuminate/Container/Container.php:485
Stack trace:
#0 /home/alx/web/laravel/www/vendor/laravel/framework/src/Illuminate/Container/Container.php(485): ReflectionClass->__construct('UserController')
#1 /home/alx/web/laravel/www/vendor/laravel/framework/src/Illuminate/Container/Container.php(425): Illuminate\Container\Container->build('UserController', Array)
#2 /home/alx/web/laravel/www/vendor/laravel/framework/src/Illuminate/Foundation/Application.php(463): Illuminate\Container\Container->make('UserController', Array)
#3 /home/alx/web/laravel/www/vendor/laravel/framework/src/Illuminate/Routing/ControllerDispatcher.php(78): Illuminate\Foundation\Application->make('UserController')
#4 /home/alx/web/laravel/www/vendor/laravel/framework/src/Illuminate/Routing/ControllerDispatcher.php(51): Illuminate\Routing\ControllerDispatcher->makeController('UserController')
#5 /home/alx/web/laravel/www/vendor/laravel/framework/src/Illuminate/Routing/Router.php(934): Illuminate\Routing\ControllerDispatcher->dispatch(Object(Illuminate\Routing\Route), Object(Illuminate\Http\Request), 'UserController', 'showProfile')
#6 [internal function]: Illuminate\Routing\Router->Illuminate\Routing\{closure}()
#7 /home/alx/web/laravel/www/vendor/laravel/framework/src/Illuminate/Routing/Route.php(105): call_user_func_array(Object(Closure), Array)
#8 /home/alx/web/laravel/www/vendor/laravel/framework/src/Illuminate/Routing/Router.php(1000): Illuminate\Routing\Route->run(Object(Illuminate\Http\Request))
#9 /home/alx/web/laravel/www/vendor/laravel/framework/src/Illuminate/Routing/Router.php(968): Illuminate\Routing\Router->dispatchToRoute(Object(Illuminate\Http\Request))
#10 /home/alx/web/laravel/www/vendor/laravel/framework/src/Illuminate/Foundation/Application.php(738): Illuminate\Routing\Router->dispatch(Object(Illuminate\Http\Request))
#11 /home/alx/web/laravel/www/vendor/laravel/framework/src/Illuminate/Foundation/Application.php(708): Illuminate\Foundation\Application->dispatch(Object(Illuminate\Http\Request))
#12 /home/alx/web/laravel/www/vendor/laravel/framework/src/Illuminate/Http/FrameGuard.php(38): Illuminate\Foundation\Application->handle(Object(Illuminate\Http\Request), 1, true)
#13 /home/alx/web/laravel/www/vendor/laravel/framework/src/Illuminate/Session/Middleware.php(72): Illuminate\Http\FrameGuard->handle(Object(Illuminate\Http\Request), 1, true)
#14 /home/alx/web/laravel/www/vendor/laravel/framework/src/Illuminate/Cookie/Queue.php(47): Illuminate\Session\Middleware->handle(Object(Illuminate\Http\Request), 1, true)
#15 /home/alx/web/laravel/www/vendor/laravel/framework/src/Illuminate/Cookie/Guard.php(51): Illuminate\Cookie\Queue->handle(Object(Illuminate\Http\Request), 1, true)
#16 /home/alx/web/laravel/www/vendor/stack/builder/src/Stack/StackedHttpKernel.php(23): Illuminate\Cookie\Guard->handle(Object(Illuminate\Http\Request), 1, true)
#17 /home/alx/web/laravel/www/vendor/laravel/framework/src/Illuminate/Foundation/Application.php(606): Stack\StackedHttpKernel->handle(Object(Illuminate\Http\Request))
#18 /home/alx/web/laravel/www/public/index.php(49): Illuminate\Foundation\Application->run()
#19 {main} [] []
[2014-04-17 18:53:09] production.ERROR: exception 'Symfony\Component\HttpKernel\Exception\NotFoundHttpException' in /home/alx/web/laravel/www/vendor/laravel/framework/src/Illuminate/Routing/RouteCollection.php:140
Stack trace:
#0 /home/alx/web/laravel/www/vendor/laravel/framework/src/Illuminate/Routing/Router.php(1021): Illuminate\Routing\RouteCollection->match(Object(Illuminate\Http\Request))
#1 /home/alx/web/laravel/www/vendor/laravel/framework/src/Illuminate/Routing/Router.php(989): Illuminate\Routing\Router->findRoute(Object(Illuminate\Http\Request))
#2 /home/alx/web/laravel/www/vendor/laravel/framework/src/Illuminate/Routing/Router.php(968): Illuminate\Routing\Router->dispatchToRoute(Object(Illuminate\Http\Request))
#3 /home/alx/web/laravel/www/vendor/laravel/framework/src/Illuminate/Foundation/Application.php(738): Illuminate\Routing\Router->dispatch(Object(Illuminate\Http\Request))
#4 /home/alx/web/laravel/www/vendor/laravel/framework/src/Illuminate/Foundation/Application.php(708): Illuminate\Foundation\Application->dispatch(Object(Illuminate\Http\Request))
#5 /home/alx/web/laravel/www/vendor/laravel/framework/src/Illuminate/Http/FrameGuard.php(38): Illuminate\Foundation\Application->handle(Object(Illuminate\Http\Request), 1, true)
#6 /home/alx/web/laravel/www/vendor/laravel/framework/src/Illuminate/Session/Middleware.php(72): Illuminate\Http\FrameGuard->handle(Object(Illuminate\Http\Request), 1, true)
#7 /home/alx/web/laravel/www/vendor/laravel/framework/src/Illuminate/Cookie/Queue.php(47): Illuminate\Session\Middleware->handle(Object(Illuminate\Http\Request), 1, true)
#8 /home/alx/web/laravel/www/vendor/laravel/framework/src/Illuminate/Cookie/Guard.php(51): Illuminate\Cookie\Queue->handle(Object(Illuminate\Http\Request), 1, true)
#9 /home/alx/web/laravel/www/vendor/stack/builder/src/Stack/StackedHttpKernel.php(23): Illuminate\Cookie\Guard->handle(Object(Illuminate\Http\Request), 1, true)
#10 /home/alx/web/laravel/www/vendor/laravel/framework/src/Illuminate/Foundation/Application.php(606): Stack\StackedHttpKernel->handle(Object(Illuminate\Http\Request))
#11 /home/alx/web/laravel/www/public/index.php(49): Illuminate\Foundation\Application->run()
#12 {main} [] []
[2014-04-17 18:53:12] production.ERROR: exception 'ReflectionException' with message 'Class UserController does not exist' in /home/alx/web/laravel/www/vendor/laravel/framework/src/Illuminate/Container/Container.php:485
Stack trace:
#0 /home/alx/web/laravel/www/vendor/laravel/framework/src/Illuminate/Container/Container.php(485): ReflectionClass->__construct('UserController')
#1 /home/alx/web/laravel/www/vendor/laravel/framework/src/Illuminate/Container/Container.php(425): Illuminate\Container\Container->build('UserController', Array)
#2 /home/alx/web/laravel/www/vendor/laravel/framework/src/Illuminate/Foundation/Application.php(463): Illuminate\Container\Container->make('UserController', Array)
#3 /home/alx/web/laravel/www/vendor/laravel/framework/src/Illuminate/Routing/ControllerDispatcher.php(78): Illuminate\Foundation\Application->make('UserController')
#4 /home/alx/web/laravel/www/vendor/laravel/framework/src/Illuminate/Routing/ControllerDispatcher.php(51): Illuminate\Routing\ControllerDispatcher->makeController('UserController')
#5 /home/alx/web/laravel/www/vendor/laravel/framework/src/Illuminate/Routing/Router.php(934): Illuminate\Routing\ControllerDispatcher->dispatch(Object(Illuminate\Routing\Route), Object(Illuminate\Http\Request), 'UserController', 'showProfile')
#6 [internal function]: Illuminate\Routing\Router->Illuminate\Routing\{closure}()
#7 /home/alx/web/laravel/www/vendor/laravel/framework/src/Illuminate/Routing/Route.php(105): call_user_func_array(Object(Closure), Array)
#8 /home/alx/web/laravel/www/vendor/laravel/framework/src/Illuminate/Routing/Router.php(1000): Illuminate\Routing\Route->run(Object(Illuminate\Http\Request))
#9 /home/alx/web/laravel/www/vendor/laravel/framework/src/Illuminate/Routing/Router.php(968): Illuminate\Routing\Router->dispatchToRoute(Object(Illuminate\Http\Request))
#10 /home/alx/web/laravel/www/vendor/laravel/framework/src/Illuminate/Foundation/Application.php(738): Illuminate\Routing\Router->dispatch(Object(Illuminate\Http\Request))
#11 /home/alx/web/laravel/www/vendor/laravel/framework/src/Illuminate/Foundation/Application.php(708): Illuminate\Foundation\Application->dispatch(Object(Illuminate\Http\Request))
#12 /home/alx/web/laravel/www/vendor/laravel/framework/src/Illuminate/Http/FrameGuard.php(38): Illuminate\Foundation\Application->handle(Object(Illuminate\Http\Request), 1, true)
#13 /home/alx/web/laravel/www/vendor/laravel/framework/src/Illuminate/Session/Middleware.php(72): Illuminate\Http\FrameGuard->handle(Object(Illuminate\Http\Request), 1, true)
#14 /home/alx/web/laravel/www/vendor/laravel/framework/src/Illuminate/Cookie/Queue.php(47): Illuminate\Session\Middleware->handle(Object(Illuminate\Http\Request), 1, true)
#15 /home/alx/web/laravel/www/vendor/laravel/framework/src/Illuminate/Cookie/Guard.php(51): Illuminate\Cookie\Queue->handle(Object(Illuminate\Http\Request), 1, true)
#16 /home/alx/web/laravel/www/vendor/stack/builder/src/Stack/StackedHttpKernel.php(23): Illuminate\Cookie\Guard->handle(Object(Illuminate\Http\Request), 1, true)
#17 /home/alx/web/laravel/www/vendor/laravel/framework/src/Illuminate/Foundation/Application.php(606): Stack\StackedHttpKernel->handle(Object(Illuminate\Http\Request))
#18 /home/alx/web/laravel/www/public/index.php(49): Illuminate\Foundation\Application->run()
#19 {main} [] []
[2014-04-17 18:54:51] production.ERROR: exception 'ReflectionException' with message 'Class AuthController does not exist' in /home/alx/web/laravel/www/vendor/laravel/framework/src/Illuminate/Container/Container.php:485
Stack trace:
#0 /home/alx/web/laravel/www/vendor/laravel/framework/src/Illuminate/Container/Container.php(485): ReflectionClass->__construct('AuthController')
#1 /home/alx/web/laravel/www/vendor/laravel/framework/src/Illuminate/Container/Container.php(425): Illuminate\Container\Container->build('AuthController', Array)
#2 /home/alx/web/laravel/www/vendor/laravel/framework/src/Illuminate/Foundation/Application.php(463): Illuminate\Container\Container->make('AuthController', Array)
#3 /home/alx/web/laravel/www/vendor/laravel/framework/src/Illuminate/Routing/ControllerDispatcher.php(78): Illuminate\Foundation\Application->make('AuthController')
#4 /home/alx/web/laravel/www/vendor/laravel/framework/src/Illuminate/Routing/ControllerDispatcher.php(51): Illuminate\Routing\ControllerDispatcher->makeController('AuthController')
#5 /home/alx/web/laravel/www/vendor/laravel/framework/src/Illuminate/Routing/Router.php(934): Illuminate\Routing\ControllerDispatcher->dispatch(Object(Illuminate\Routing\Route), Object(Illuminate\Http\Request), 'AuthController', 'showIndex')
#6 [internal function]: Illuminate\Routing\Router->Illuminate\Routing\{closure}()
#7 /home/alx/web/laravel/www/vendor/laravel/framework/src/Illuminate/Routing/Route.php(105): call_user_func_array(Object(Closure), Array)
#8 /home/alx/web/laravel/www/vendor/laravel/framework/src/Illuminate/Routing/Router.php(1000): Illuminate\Routing\Route->run(Object(Illuminate\Http\Request))
#9 /home/alx/web/laravel/www/vendor/laravel/framework/src/Illuminate/Routing/Router.php(968): Illuminate\Routing\Router->dispatchToRoute(Object(Illuminate\Http\Request))
#10 /home/alx/web/laravel/www/vendor/laravel/framework/src/Illuminate/Foundation/Application.php(738): Illuminate\Routing\Router->dispatch(Object(Illuminate\Http\Request))
#11 /home/alx/web/laravel/www/vendor/laravel/framework/src/Illuminate/Foundation/Application.php(708): Illuminate\Foundation\Application->dispatch(Object(Illuminate\Http\Request))
#12 /home/alx/web/laravel/www/vendor/laravel/framework/src/Illuminate/Http/FrameGuard.php(38): Illuminate\Foundation\Application->handle(Object(Illuminate\Http\Request), 1, true)
#13 /home/alx/web/laravel/www/vendor/laravel/framework/src/Illuminate/Session/Middleware.php(72): Illuminate\Http\FrameGuard->handle(Object(Illuminate\Http\Request), 1, true)
#14 /home/alx/web/laravel/www/vendor/laravel/framework/src/Illuminate/Cookie/Queue.php(47): Illuminate\Session\Middleware->handle(Object(Illuminate\Http\Request), 1, true)
#15 /home/alx/web/laravel/www/vendor/laravel/framework/src/Illuminate/Cookie/Guard.php(51): Illuminate\Cookie\Queue->handle(Object(Illuminate\Http\Request), 1, true)
#16 /home/alx/web/laravel/www/vendor/stack/builder/src/Stack/StackedHttpKernel.php(23): Illuminate\Cookie\Guard->handle(Object(Illuminate\Http\Request), 1, true)
#17 /home/alx/web/laravel/www/vendor/laravel/framework/src/Illuminate/Foundation/Application.php(606): Stack\StackedHttpKernel->handle(Object(Illuminate\Http\Request))
#18 /home/alx/web/laravel/www/public/index.php(49): Illuminate\Foundation\Application->run()
#19 {main} [] []
[2014-04-17 18:55:09] production.ERROR: exception 'InvalidArgumentException' with message 'View [auth.index] not found.' in /home/alx/web/laravel/www/vendor/laravel/framework/src/Illuminate/View/FileViewFinder.php:139
Stack trace:
#0 /home/alx/web/laravel/www/vendor/laravel/framework/src/Illuminate/View/FileViewFinder.php(76): Illuminate\View\FileViewFinder->findInPaths('auth.index', Array)
#1 /home/alx/web/laravel/www/vendor/laravel/framework/src/Illuminate/View/Environment.php(115): Illuminate\View\FileViewFinder->find('auth.index')
#2 /home/alx/web/laravel/www/vendor/laravel/framework/src/Illuminate/Support/Facades/Facade.php(208): Illuminate\View\Environment->make('auth.index')
#3 /home/alx/web/laravel/www/app/controllers/AutController.php(17): Illuminate\Support\Facades\Facade::__callStatic('make', Array)
#4 /home/alx/web/laravel/www/app/controllers/AutController.php(17): Illuminate\Support\Facades\View::make('auth.index')
#5 [internal function]: AutController->showIndex()
#6 /home/alx/web/laravel/www/vendor/laravel/framework/src/Illuminate/Routing/Controller.php(231): call_user_func_array(Array, Array)
#7 /home/alx/web/laravel/www/vendor/laravel/framework/src/Illuminate/Routing/ControllerDispatcher.php(93): Illuminate\Routing\Controller->callAction('showIndex', Array)
#8 /home/alx/web/laravel/www/vendor/laravel/framework/src/Illuminate/Routing/ControllerDispatcher.php(62): Illuminate\Routing\ControllerDispatcher->call(Object(AutController), Object(Illuminate\Routing\Route), 'showIndex')
#9 /home/alx/web/laravel/www/vendor/laravel/framework/src/Illuminate/Routing/Router.php(934): Illuminate\Routing\ControllerDispatcher->dispatch(Object(Illuminate\Routing\Route), Object(Illuminate\Http\Request), 'AutController', 'showIndex')
#10 [internal function]: Illuminate\Routing\Router->Illuminate\Routing\{closure}()
#11 /home/alx/web/laravel/www/vendor/laravel/framework/src/Illuminate/Routing/Route.php(105): call_user_func_array(Object(Closure), Array)
#12 /home/alx/web/laravel/www/vendor/laravel/framework/src/Illuminate/Routing/Router.php(1000): Illuminate\Routing\Route->run(Object(Illuminate\Http\Request))
#13 /home/alx/web/laravel/www/vendor/laravel/framework/src/Illuminate/Routing/Router.php(968): Illuminate\Routing\Router->dispatchToRoute(Object(Illuminate\Http\Request))
#14 /home/alx/web/laravel/www/vendor/laravel/framework/src/Illuminate/Foundation/Application.php(738): Illuminate\Routing\Router->dispatch(Object(Illuminate\Http\Request))
#15 /home/alx/web/laravel/www/vendor/laravel/framework/src/Illuminate/Foundation/Application.php(708): Illuminate\Foundation\Application->dispatch(Object(Illuminate\Http\Request))
#16 /home/alx/web/laravel/www/vendor/laravel/framework/src/Illuminate/Http/FrameGuard.php(38): Illuminate\Foundation\Application->handle(Object(Illuminate\Http\Request), 1, true)
#17 /home/alx/web/laravel/www/vendor/laravel/framework/src/Illuminate/Session/Middleware.php(72): Illuminate\Http\FrameGuard->handle(Object(Illuminate\Http\Request), 1, true)
#18 /home/alx/web/laravel/www/vendor/laravel/framework/src/Illuminate/Cookie/Queue.php(47): Illuminate\Session\Middleware->handle(Object(Illuminate\Http\Request), 1, true)
#19 /home/alx/web/laravel/www/vendor/laravel/framework/src/Illuminate/Cookie/Guard.php(51): Illuminate\Cookie\Queue->handle(Object(Illuminate\Http\Request), 1, true)
#20 /home/alx/web/laravel/www/vendor/stack/builder/src/Stack/StackedHttpKernel.php(23): Illuminate\Cookie\Guard->handle(Object(Illuminate\Http\Request), 1, true)
#21 /home/alx/web/laravel/www/vendor/laravel/framework/src/Illuminate/Foundation/Application.php(606): Stack\StackedHttpKernel->handle(Object(Illuminate\Http\Request))
#22 /home/alx/web/laravel/www/public/index.php(49): Illuminate\Foundation\Application->run()
#23 {main} [] []
[2014-04-17 18:55:23] production.ERROR: exception 'InvalidArgumentException' with message 'View [auth/index] not found.' in /home/alx/web/laravel/www/vendor/laravel/framework/src/Illuminate/View/FileViewFinder.php:139
Stack trace:
#0 /home/alx/web/laravel/www/vendor/laravel/framework/src/Illuminate/View/FileViewFinder.php(76): Illuminate\View\FileViewFinder->findInPaths('auth/index', Array)
#1 /home/alx/web/laravel/www/vendor/laravel/framework/src/Illuminate/View/Environment.php(115): Illuminate\View\FileViewFinder->find('auth/index')
#2 /home/alx/web/laravel/www/vendor/laravel/framework/src/Illuminate/Support/Facades/Facade.php(208): Illuminate\View\Environment->make('auth/index')
#3 /home/alx/web/laravel/www/app/controllers/AutController.php(17): Illuminate\Support\Facades\Facade::__callStatic('make', Array)
#4 /home/alx/web/laravel/www/app/controllers/AutController.php(17): Illuminate\Support\Facades\View::make('auth/index')
#5 [internal function]: AutController->showIndex()
#6 /home/alx/web/laravel/www/vendor/laravel/framework/src/Illuminate/Routing/Controller.php(231): call_user_func_array(Array, Array)
#7 /home/alx/web/laravel/www/vendor/laravel/framework/src/Illuminate/Routing/ControllerDispatcher.php(93): Illuminate\Routing\Controller->callAction('showIndex', Array)
#8 /home/alx/web/laravel/www/vendor/laravel/framework/src/Illuminate/Routing/ControllerDispatcher.php(62): Illuminate\Routing\ControllerDispatcher->call(Object(AutController), Object(Illuminate\Routing\Route), 'showIndex')
#9 /home/alx/web/laravel/www/vendor/laravel/framework/src/Illuminate/Routing/Router.php(934): Illuminate\Routing\ControllerDispatcher->dispatch(Object(Illuminate\Routing\Route), Object(Illuminate\Http\Request), 'AutController', 'showIndex')
#10 [internal function]: Illuminate\Routing\Router->Illuminate\Routing\{closure}()
#11 /home/alx/web/laravel/www/vendor/laravel/framework/src/Illuminate/Routing/Route.php(105): call_user_func_array(Object(Closure), Array)
#12 /home/alx/web/laravel/www/vendor/laravel/framework/src/Illuminate/Routing/Router.php(1000): Illuminate\Routing\Route->run(Object(Illuminate\Http\Request))
#13 /home/alx/web/laravel/www/vendor/laravel/framework/src/Illuminate/Routing/Router.php(968): Illuminate\Routing\Router->dispatchToRoute(Object(Illuminate\Http\Request))
#14 /home/alx/web/laravel/www/vendor/laravel/framework/src/Illuminate/Foundation/Application.php(738): Illuminate\Routing\Router->dispatch(Object(Illuminate\Http\Request))
#15 /home/alx/web/laravel/www/vendor/laravel/framework/src/Illuminate/Foundation/Application.php(708): Illuminate\Foundation\Application->dispatch(Object(Illuminate\Http\Request))
#16 /home/alx/web/laravel/www/vendor/laravel/framework/src/Illuminate/Http/FrameGuard.php(38): Illuminate\Foundation\Application->handle(Object(Illuminate\Http\Request), 1, true)
#17 /home/alx/web/laravel/www/vendor/laravel/framework/src/Illuminate/Session/Middleware.php(72): Illuminate\Http\FrameGuard->handle(Object(Illuminate\Http\Request), 1, true)
#18 /home/alx/web/laravel/www/vendor/laravel/framework/src/Illuminate/Cookie/Queue.php(47): Illuminate\Session\Middleware->handle(Object(Illuminate\Http\Request), 1, true)
#19 /home/alx/web/laravel/www/vendor/laravel/framework/src/Illuminate/Cookie/Guard.php(51): Illuminate\Cookie\Queue->handle(Object(Illuminate\Http\Request), 1, true)
#20 /home/alx/web/laravel/www/vendor/stack/builder/src/Stack/StackedHttpKernel.php(23): Illuminate\Cookie\Guard->handle(Object(Illuminate\Http\Request), 1, true)
#21 /home/alx/web/laravel/www/vendor/laravel/framework/src/Illuminate/Foundation/Application.php(606): Stack\StackedHttpKernel->handle(Object(Illuminate\Http\Request))
#22 /home/alx/web/laravel/www/public/index.php(49): Illuminate\Foundation\Application->run()
#23 {main} [] []
[2014-04-17 18:55:28] production.ERROR: exception 'InvalidArgumentException' with message 'View [auth/index.blide] not found.' in /home/alx/web/laravel/www/vendor/laravel/framework/src/Illuminate/View/FileViewFinder.php:139
Stack trace:
#0 /home/alx/web/laravel/www/vendor/laravel/framework/src/Illuminate/View/FileViewFinder.php(76): Illuminate\View\FileViewFinder->findInPaths('auth/index.blid...', Array)
#1 /home/alx/web/laravel/www/vendor/laravel/framework/src/Illuminate/View/Environment.php(115): Illuminate\View\FileViewFinder->find('auth/index.blid...')
#2 /home/alx/web/laravel/www/vendor/laravel/framework/src/Illuminate/Support/Facades/Facade.php(208): Illuminate\View\Environment->make('auth/index.blid...')
#3 /home/alx/web/laravel/www/app/controllers/AutController.php(17): Illuminate\Support\Facades\Facade::__callStatic('make', Array)
#4 /home/alx/web/laravel/www/app/controllers/AutController.php(17): Illuminate\Support\Facades\View::make('auth/index.blid...')
#5 [internal function]: AutController->showIndex()
#6 /home/alx/web/laravel/www/vendor/laravel/framework/src/Illuminate/Routing/Controller.php(231): call_user_func_array(Array, Array)
#7 /home/alx/web/laravel/www/vendor/laravel/framework/src/Illuminate/Routing/ControllerDispatcher.php(93): Illuminate\Routing\Controller->callAction('showIndex', Array)
#8 /home/alx/web/laravel/www/vendor/laravel/framework/src/Illuminate/Routing/ControllerDispatcher.php(62): Illuminate\Routing\ControllerDispatcher->call(Object(AutController), Object(Illuminate\Routing\Route), 'showIndex')
#9 /home/alx/web/laravel/www/vendor/laravel/framework/src/Illuminate/Routing/Router.php(934): Illuminate\Routing\ControllerDispatcher->dispatch(Object(Illuminate\Routing\Route), Object(Illuminate\Http\Request), 'AutController', 'showIndex')
#10 [internal function]: Illuminate\Routing\Router->Illuminate\Routing\{closure}()
#11 /home/alx/web/laravel/www/vendor/laravel/framework/src/Illuminate/Routing/Route.php(105): call_user_func_array(Object(Closure), Array)
#12 /home/alx/web/laravel/www/vendor/laravel/framework/src/Illuminate/Routing/Router.php(1000): Illuminate\Routing\Route->run(Object(Illuminate\Http\Request))
#13 /home/alx/web/laravel/www/vendor/laravel/framework/src/Illuminate/Routing/Router.php(968): Illuminate\Routing\Router->dispatchToRoute(Object(Illuminate\Http\Request))
#14 /home/alx/web/laravel/www/vendor/laravel/framework/src/Illuminate/Foundation/Application.php(738): Illuminate\Routing\Router->dispatch(Object(Illuminate\Http\Request))
#15 /home/alx/web/laravel/www/vendor/laravel/framework/src/Illuminate/Foundation/Application.php(708): Illuminate\Foundation\Application->dispatch(Object(Illuminate\Http\Request))
#16 /home/alx/web/laravel/www/vendor/laravel/framework/src/Illuminate/Http/FrameGuard.php(38): Illuminate\Foundation\Application->handle(Object(Illuminate\Http\Request), 1, true)
#17 /home/alx/web/laravel/www/vendor/laravel/framework/src/Illuminate/Session/Middleware.php(72): Illuminate\Http\FrameGuard->handle(Object(Illuminate\Http\Request), 1, true)
#18 /home/alx/web/laravel/www/vendor/laravel/framework/src/Illuminate/Cookie/Queue.php(47): Illuminate\Session\Middleware->handle(Object(Illuminate\Http\Request), 1, true)
#19 /home/alx/web/laravel/www/vendor/laravel/framework/src/Illuminate/Cookie/Guard.php(51): Illuminate\Cookie\Queue->handle(Object(Illuminate\Http\Request), 1, true)
#20 /home/alx/web/laravel/www/vendor/stack/builder/src/Stack/StackedHttpKernel.php(23): Illuminate\Cookie\Guard->handle(Object(Illuminate\Http\Request), 1, true)
#21 /home/alx/web/laravel/www/vendor/laravel/framework/src/Illuminate/Foundation/Application.php(606): Stack\StackedHttpKernel->handle(Object(Illuminate\Http\Request))
#22 /home/alx/web/laravel/www/public/index.php(49): Illuminate\Foundation\Application->run()
#23 {main} [] []
[2014-04-17 18:55:38] production.ERROR: exception 'InvalidArgumentException' with message 'View [auth.index.blide] not found.' in /home/alx/web/laravel/www/vendor/laravel/framework/src/Illuminate/View/FileViewFinder.php:139
Stack trace:
#0 /home/alx/web/laravel/www/vendor/laravel/framework/src/Illuminate/View/FileViewFinder.php(76): Illuminate\View\FileViewFinder->findInPaths('auth.index.blid...', Array)
#1 /home/alx/web/laravel/www/vendor/laravel/framework/src/Illuminate/View/Environment.php(115): Illuminate\View\FileViewFinder->find('auth.index.blid...')
#2 /home/alx/web/laravel/www/vendor/laravel/framework/src/Illuminate/Support/Facades/Facade.php(208): Illuminate\View\Environment->make('auth.index.blid...')
#3 /home/alx/web/laravel/www/app/controllers/AutController.php(17): Illuminate\Support\Facades\Facade::__callStatic('make', Array)
#4 /home/alx/web/laravel/www/app/controllers/AutController.php(17): Illuminate\Support\Facades\View::make('auth.index.blid...')
#5 [internal function]: AutController->showIndex()
#6 /home/alx/web/laravel/www/vendor/laravel/framework/src/Illuminate/Routing/Controller.php(231): call_user_func_array(Array, Array)
#7 /home/alx/web/laravel/www/vendor/laravel/framework/src/Illuminate/Routing/ControllerDispatcher.php(93): Illuminate\Routing\Controller->callAction('showIndex', Array)
#8 /home/alx/web/laravel/www/vendor/laravel/framework/src/Illuminate/Routing/ControllerDispatcher.php(62): Illuminate\Routing\ControllerDispatcher->call(Object(AutController), Object(Illuminate\Routing\Route), 'showIndex')
#9 /home/alx/web/laravel/www/vendor/laravel/framework/src/Illuminate/Routing/Router.php(934): Illuminate\Routing\ControllerDispatcher->dispatch(Object(Illuminate\Routing\Route), Object(Illuminate\Http\Request), 'AutController', 'showIndex')
#10 [internal function]: Illuminate\Routing\Router->Illuminate\Routing\{closure}()
#11 /home/alx/web/laravel/www/vendor/laravel/framework/src/Illuminate/Routing/Route.php(105): call_user_func_array(Object(Closure), Array)
#12 /home/alx/web/laravel/www/vendor/laravel/framework/src/Illuminate/Routing/Router.php(1000): Illuminate\Routing\Route->run(Object(Illuminate\Http\Request))
#13 /home/alx/web/laravel/www/vendor/laravel/framework/src/Illuminate/Routing/Router.php(968): Illuminate\Routing\Router->dispatchToRoute(Object(Illuminate\Http\Request))
#14 /home/alx/web/laravel/www/vendor/laravel/framework/src/Illuminate/Foundation/Application.php(738): Illuminate\Routing\Router->dispatch(Object(Illuminate\Http\Request))
#15 /home/alx/web/laravel/www/vendor/laravel/framework/src/Illuminate/Foundation/Application.php(708): Illuminate\Foundation\Application->dispatch(Object(Illuminate\Http\Request))
#16 /home/alx/web/laravel/www/vendor/laravel/framework/src/Illuminate/Http/FrameGuard.php(38): Illuminate\Foundation\Application->handle(Object(Illuminate\Http\Request), 1, true)
#17 /home/alx/web/laravel/www/vendor/laravel/framework/src/Illuminate/Session/Middleware.php(72): Illuminate\Http\FrameGuard->handle(Object(Illuminate\Http\Request), 1, true)
#18 /home/alx/web/laravel/www/vendor/laravel/framework/src/Illuminate/Cookie/Queue.php(47): Illuminate\Session\Middleware->handle(Object(Illuminate\Http\Request), 1, true)
#19 /home/alx/web/laravel/www/vendor/laravel/framework/src/Illuminate/Cookie/Guard.php(51): Illuminate\Cookie\Queue->handle(Object(Illuminate\Http\Request), 1, true)
#20 /home/alx/web/laravel/www/vendor/stack/builder/src/Stack/StackedHttpKernel.php(23): Illuminate\Cookie\Guard->handle(Object(Illuminate\Http\Request), 1, true)
#21 /home/alx/web/laravel/www/vendor/laravel/framework/src/Illuminate/Foundation/Application.php(606): Stack\StackedHttpKernel->handle(Object(Illuminate\Http\Request))
#22 /home/alx/web/laravel/www/public/index.php(49): Illuminate\Foundation\Application->run()
#23 {main} [] []
[2014-04-17 18:56:54] production.ERROR: exception 'Symfony\Component\HttpKernel\Exception\NotFoundHttpException' in /home/alx/web/laravel/www/vendor/laravel/framework/src/Illuminate/Routing/RouteCollection.php:140
Stack trace:
#0 /home/alx/web/laravel/www/vendor/laravel/framework/src/Illuminate/Routing/Router.php(1021): Illuminate\Routing\RouteCollection->match(Object(Illuminate\Http\Request))
#1 /home/alx/web/laravel/www/vendor/laravel/framework/src/Illuminate/Routing/Router.php(989): Illuminate\Routing\Router->findRoute(Object(Illuminate\Http\Request))
#2 /home/alx/web/laravel/www/vendor/laravel/framework/src/Illuminate/Routing/Router.php(968): Illuminate\Routing\Router->dispatchToRoute(Object(Illuminate\Http\Request))
#3 /home/alx/web/laravel/www/vendor/laravel/framework/src/Illuminate/Foundation/Application.php(738): Illuminate\Routing\Router->dispatch(Object(Illuminate\Http\Request))
#4 /home/alx/web/laravel/www/vendor/laravel/framework/src/Illuminate/Foundation/Application.php(708): Illuminate\Foundation\Application->dispatch(Object(Illuminate\Http\Request))
#5 /home/alx/web/laravel/www/vendor/laravel/framework/src/Illuminate/Http/FrameGuard.php(38): Illuminate\Foundation\Application->handle(Object(Illuminate\Http\Request), 1, true)
#6 /home/alx/web/laravel/www/vendor/laravel/framework/src/Illuminate/Session/Middleware.php(72): Illuminate\Http\FrameGuard->handle(Object(Illuminate\Http\Request), 1, true)
#7 /home/alx/web/laravel/www/vendor/laravel/framework/src/Illuminate/Cookie/Queue.php(47): Illuminate\Session\Middleware->handle(Object(Illuminate\Http\Request), 1, true)
#8 /home/alx/web/laravel/www/vendor/laravel/framework/src/Illuminate/Cookie/Guard.php(51): Illuminate\Cookie\Queue->handle(Object(Illuminate\Http\Request), 1, true)
#9 /home/alx/web/laravel/www/vendor/stack/builder/src/Stack/StackedHttpKernel.php(23): Illuminate\Cookie\Guard->handle(Object(Illuminate\Http\Request), 1, true)
#10 /home/alx/web/laravel/www/vendor/laravel/framework/src/Illuminate/Foundation/Application.php(606): Stack\StackedHttpKernel->handle(Object(Illuminate\Http\Request))
#11 /home/alx/web/laravel/www/public/index.php(49): Illuminate\Foundation\Application->run()
#12 {main} [] []
[2014-04-17 19:01:41] production.ERROR: exception 'InvalidArgumentException' with message 'View [layout] not found.' in /home/alx/web/laravel/www/vendor/laravel/framework/src/Illuminate/View/FileViewFinder.php:139
Stack trace:
#0 /home/alx/web/laravel/www/vendor/laravel/framework/src/Illuminate/View/FileViewFinder.php(76): Illuminate\View\FileViewFinder->findInPaths('layout', Array)
#1 /home/alx/web/laravel/www/vendor/laravel/framework/src/Illuminate/View/Environment.php(115): Illuminate\View\FileViewFinder->find('layout')
#2 /home/alx/web/laravel/www/app/storage/views/2b9a9bd214857a29cc799b4dd43ad743(5): Illuminate\View\Environment->make('layout', Array)
#3 /home/alx/web/laravel/www/vendor/laravel/framework/src/Illuminate/View/Engines/PhpEngine.php(37): include('/home/alx/web/l...')
#4 /home/alx/web/laravel/www/vendor/laravel/framework/src/Illuminate/View/Engines/CompilerEngine.php(56): Illuminate\View\Engines\PhpEngine->evaluatePath('/home/alx/web/l...', Array)
#5 /home/alx/web/laravel/www/vendor/laravel/framework/src/Illuminate/View/View.php(134): Illuminate\View\Engines\CompilerEngine->get('/home/alx/web/l...', Array)
#6 /home/alx/web/laravel/www/vendor/laravel/framework/src/Illuminate/View/View.php(102): Illuminate\View\View->getContents()
#7 /home/alx/web/laravel/www/vendor/laravel/framework/src/Illuminate/View/View.php(76): Illuminate\View\View->renderContents()
#8 /home/alx/web/laravel/www/vendor/laravel/framework/src/Illuminate/Http/Response.php(70): Illuminate\View\View->render()
#9 /home/alx/web/laravel/www/vendor/symfony/http-foundation/Symfony/Component/HttpFoundation/Response.php(202): Illuminate\Http\Response->setContent(Object(Illuminate\View\View))
#10 /home/alx/web/laravel/www/vendor/laravel/framework/src/Illuminate/Routing/Router.php(1427): Symfony\Component\HttpFoundation\Response->__construct(Object(Illuminate\View\View))
#11 /home/alx/web/laravel/www/vendor/laravel/framework/src/Illuminate/Routing/Router.php(1003): Illuminate\Routing\Router->prepareResponse(Object(Illuminate\Http\Request), Object(Illuminate\View\View))
#12 /home/alx/web/laravel/www/vendor/laravel/framework/src/Illuminate/Routing/Router.php(968): Illuminate\Routing\Router->dispatchToRoute(Object(Illuminate\Http\Request))
#13 /home/alx/web/laravel/www/vendor/laravel/framework/src/Illuminate/Foundation/Application.php(738): Illuminate\Routing\Router->dispatch(Object(Illuminate\Http\Request))
#14 /home/alx/web/laravel/www/vendor/laravel/framework/src/Illuminate/Foundation/Application.php(708): Illuminate\Foundation\Application->dispatch(Object(Illuminate\Http\Request))
#15 /home/alx/web/laravel/www/vendor/laravel/framework/src/Illuminate/Http/FrameGuard.php(38): Illuminate\Foundation\Application->handle(Object(Illuminate\Http\Request), 1, true)
#16 /home/alx/web/laravel/www/vendor/laravel/framework/src/Illuminate/Session/Middleware.php(72): Illuminate\Http\FrameGuard->handle(Object(Illuminate\Http\Request), 1, true)
#17 /home/alx/web/laravel/www/vendor/laravel/framework/src/Illuminate/Cookie/Queue.php(47): Illuminate\Session\Middleware->handle(Object(Illuminate\Http\Request), 1, true)
#18 /home/alx/web/laravel/www/vendor/laravel/framework/src/Illuminate/Cookie/Guard.php(51): Illuminate\Cookie\Queue->handle(Object(Illuminate\Http\Request), 1, true)
#19 /home/alx/web/laravel/www/vendor/stack/builder/src/Stack/StackedHttpKernel.php(23): Illuminate\Cookie\Guard->handle(Object(Illuminate\Http\Request), 1, true)
#20 /home/alx/web/laravel/www/vendor/laravel/framework/src/Illuminate/Foundation/Application.php(606): Stack\StackedHttpKernel->handle(Object(Illuminate\Http\Request))
#21 /home/alx/web/laravel/www/public/index.php(49): Illuminate\Foundation\Application->run()
#22 {main}

Next exception 'ErrorException' with message 'View [layout] not found. (View: /home/alx/web/laravel/www/app/views/sign/in.blade.php)' in /home/alx/web/laravel/www/vendor/laravel/framework/src/Illuminate/View/FileViewFinder.php:139
Stack trace:
#0 /home/alx/web/laravel/www/vendor/laravel/framework/src/Illuminate/View/Engines/PhpEngine.php(41): Illuminate\View\Engines\CompilerEngine->handleViewException(Object(InvalidArgumentException))
#1 /home/alx/web/laravel/www/vendor/laravel/framework/src/Illuminate/View/Engines/CompilerEngine.php(56): Illuminate\View\Engines\PhpEngine->evaluatePath('/home/alx/web/l...', Array)
#2 /home/alx/web/laravel/www/vendor/laravel/framework/src/Illuminate/View/View.php(134): Illuminate\View\Engines\CompilerEngine->get('/home/alx/web/l...', Array)
#3 /home/alx/web/laravel/www/vendor/laravel/framework/src/Illuminate/View/View.php(102): Illuminate\View\View->getContents()
#4 /home/alx/web/laravel/www/vendor/laravel/framework/src/Illuminate/View/View.php(76): Illuminate\View\View->renderContents()
#5 /home/alx/web/laravel/www/vendor/laravel/framework/src/Illuminate/Http/Response.php(70): Illuminate\View\View->render()
#6 /home/alx/web/laravel/www/vendor/symfony/http-foundation/Symfony/Component/HttpFoundation/Response.php(202): Illuminate\Http\Response->setContent(Object(Illuminate\View\View))
#7 /home/alx/web/laravel/www/vendor/laravel/framework/src/Illuminate/Routing/Router.php(1427): Symfony\Component\HttpFoundation\Response->__construct(Object(Illuminate\View\View))
#8 /home/alx/web/laravel/www/vendor/laravel/framework/src/Illuminate/Routing/Router.php(1003): Illuminate\Routing\Router->prepareResponse(Object(Illuminate\Http\Request), Object(Illuminate\View\View))
#9 /home/alx/web/laravel/www/vendor/laravel/framework/src/Illuminate/Routing/Router.php(968): Illuminate\Routing\Router->dispatchToRoute(Object(Illuminate\Http\Request))
#10 /home/alx/web/laravel/www/vendor/laravel/framework/src/Illuminate/Foundation/Application.php(738): Illuminate\Routing\Router->dispatch(Object(Illuminate\Http\Request))
#11 /home/alx/web/laravel/www/vendor/laravel/framework/src/Illuminate/Foundation/Application.php(708): Illuminate\Foundation\Application->dispatch(Object(Illuminate\Http\Request))
#12 /home/alx/web/laravel/www/vendor/laravel/framework/src/Illuminate/Http/FrameGuard.php(38): Illuminate\Foundation\Application->handle(Object(Illuminate\Http\Request), 1, true)
#13 /home/alx/web/laravel/www/vendor/laravel/framework/src/Illuminate/Session/Middleware.php(72): Illuminate\Http\FrameGuard->handle(Object(Illuminate\Http\Request), 1, true)
#14 /home/alx/web/laravel/www/vendor/laravel/framework/src/Illuminate/Cookie/Queue.php(47): Illuminate\Session\Middleware->handle(Object(Illuminate\Http\Request), 1, true)
#15 /home/alx/web/laravel/www/vendor/laravel/framework/src/Illuminate/Cookie/Guard.php(51): Illuminate\Cookie\Queue->handle(Object(Illuminate\Http\Request), 1, true)
#16 /home/alx/web/laravel/www/vendor/stack/builder/src/Stack/StackedHttpKernel.php(23): Illuminate\Cookie\Guard->handle(Object(Illuminate\Http\Request), 1, true)
#17 /home/alx/web/laravel/www/vendor/laravel/framework/src/Illuminate/Foundation/Application.php(606): Stack\StackedHttpKernel->handle(Object(Illuminate\Http\Request))
#18 /home/alx/web/laravel/www/public/index.php(49): Illuminate\Foundation\Application->run()
#19 {main} [] []
